[2021-02-17 16:10:38] Executing startup tasks
[2021-02-17 16:10:38] Java(TM) SE Runtime Environment 12.0.1+12
[2021-02-17 16:10:38] Product self.product.version
[2021-02-17 16:10:38] Workspace C:\Users\Jeremy\runtime-EclipseXtext
[2021-02-17 16:10:38] Bundle org.eclipse.oomph.setup 1.13.0.v20190530-1228, build=4021, branch=ed8d2fdcc99c1d3461399fc1bee02645433fa697
[2021-02-17 16:10:38] Bundle org.eclipse.oomph.setup.core 1.13.0.v20190531-1228, build=4021, branch=ed8d2fdcc99c1d3461399fc1bee02645433fa697
[2021-02-17 16:10:38] Bundle org.eclipse.oomph.setup.p2 1.11.0.v20190530-1228, build=4021, branch=ed8d2fdcc99c1d3461399fc1bee02645433fa697
[2021-02-17 16:10:39] Performing Preference /instance/org.eclipse.core.resources/encoding = UTF-8
[2021-02-17 16:10:39] Performing Preference /instance/org.eclipse.ui.editors/lineNumberRuler = true
[2021-02-17 16:10:39] Performing Preference /instance/org.eclipse.ui.editors/spellingEnabled = true
[2021-02-17 16:10:39] 
[2021-02-17 16:24:43] Executing startup tasks
[2021-02-17 16:24:43] Java(TM) SE Runtime Environment 12.0.1+12
[2021-02-17 16:24:43] Product self.product.version
[2021-02-17 16:24:43] Workspace C:\Users\Jeremy\runtime-EclipseXtext
[2021-02-17 16:24:43] Bundle org.eclipse.oomph.setup 1.13.0.v20190530-1228, build=4021, branch=ed8d2fdcc99c1d3461399fc1bee02645433fa697
[2021-02-17 16:24:43] Bundle org.eclipse.oomph.setup.core 1.13.0.v20190531-1228, build=4021, branch=ed8d2fdcc99c1d3461399fc1bee02645433fa697
[2021-02-17 16:24:43] Bundle org.eclipse.oomph.setup.p2 1.11.0.v20190530-1228, build=4021, branch=ed8d2fdcc99c1d3461399fc1bee02645433fa697
[2021-02-17 16:24:43] Performing Preference /instance/org.eclipse.core.resources/encoding = UTF-8
[2021-02-17 16:24:43] Performing Preference /instance/org.eclipse.ui.editors/lineNumberRuler = true
[2021-02-17 16:24:43] Performing Preference /instance/org.eclipse.ui.editors/spellingEnabled = true
[2021-02-17 16:24:43] 
[2021-02-17 16:36:41] Executing startup tasks
[2021-02-17 16:36:41] Java(TM) SE Runtime Environment 12.0.1+12
[2021-02-17 16:36:41] Product self.product.version
[2021-02-17 16:36:41] Workspace C:\Users\Jeremy\runtime-EclipseXtext
[2021-02-17 16:36:41] Bundle org.eclipse.oomph.setup 1.13.0.v20190530-1228, build=4021, branch=ed8d2fdcc99c1d3461399fc1bee02645433fa697
[2021-02-17 16:36:41] Bundle org.eclipse.oomph.setup.core 1.13.0.v20190531-1228, build=4021, branch=ed8d2fdcc99c1d3461399fc1bee02645433fa697
[2021-02-17 16:36:41] Bundle org.eclipse.oomph.setup.p2 1.11.0.v20190530-1228, build=4021, branch=ed8d2fdcc99c1d3461399fc1bee02645433fa697
[2021-02-17 16:36:41] Performing Preference /instance/org.eclipse.core.resources/encoding = UTF-8
[2021-02-17 16:36:41] Performing Preference /instance/org.eclipse.ui.editors/lineNumberRuler = true
[2021-02-17 16:36:41] Performing Preference /instance/org.eclipse.ui.editors/spellingEnabled = true
[2021-02-17 16:36:42] 
[2021-02-17 16:45:09] Executing startup tasks
[2021-02-17 16:45:10] Java(TM) SE Runtime Environment 12.0.1+12
[2021-02-17 16:45:10] Product self.product.version
[2021-02-17 16:45:10] Workspace C:\Users\Jeremy\runtime-EclipseXtext
[2021-02-17 16:45:10] Bundle org.eclipse.oomph.setup 1.13.0.v20190530-1228, build=4021, branch=ed8d2fdcc99c1d3461399fc1bee02645433fa697
[2021-02-17 16:45:10] Bundle org.eclipse.oomph.setup.core 1.13.0.v20190531-1228, build=4021, branch=ed8d2fdcc99c1d3461399fc1bee02645433fa697
[2021-02-17 16:45:10] Bundle org.eclipse.oomph.setup.p2 1.11.0.v20190530-1228, build=4021, branch=ed8d2fdcc99c1d3461399fc1bee02645433fa697
[2021-02-17 16:45:10] Performing Preference /instance/org.eclipse.core.resources/encoding = UTF-8
[2021-02-17 16:45:10] Performing Preference /instance/org.eclipse.ui.editors/lineNumberRuler = true
[2021-02-17 16:45:10] Performing Preference /instance/org.eclipse.ui.editors/spellingEnabled = true
[2021-02-17 16:45:10] 
